# JRE version: OpenJDK Runtime Environment AdoptOpenJDK (11.0.8+10) (build 11.0.8+10)
# Java VM: OpenJDK 64-Bit Server VM AdoptOpenJDK (11.0.8+10, mixed mode, tiered, compressed oops, g1 gc, windows-amd64)
Heap:
 garbage-first heap   total 260096K, used 118901K [0x0000000702600000, 0x0000000800000000)
  region size 1024K, 107 young (109568K), 9 survivors (9216K)
 Metaspace       used 44245K, capacity 45481K, committed 45568K, reserved 1089536K
  class space    used 5606K, capacity 6105K, committed 6144K, reserved 1048576K
GC Heap History (10 events):
Event: 0.959 GC heap before
{Heap before GC invocations=0 (full 0):
 garbage-first heap   total 260096K, used 25600K [0x0000000702600000, 0x0000000800000000)
  region size 1024K, 24 young (24576K), 0 survivors (0K)
 Metaspace       used 10997K, capacity 11324K, committed 11520K, reserved 1058816K
  class space    used 1130K, capacity 1267K, committed 1280K, reserved 1048576K
}
Event: 0.964 GC heap after
{Heap after GC invocations=1 (full 0):
 garbage-first heap   total 260096K, used 8315K [0x0000000702600000, 0x0000000800000000)
  region size 1024K, 3 young (3072K), 3 survivors (3072K)
 Metaspace       used 10997K, capacity 11324K, committed 11520K, reserved 1058816K
  class space    used 1130K, capacity 1267K, committed 1280K, reserved 1048576K
}
Event: 1.828 GC heap before
{Heap before GC invocations=1 (full 0):
 garbage-first heap   total 260096K, used 63611K [0x0000000702600000, 0x0000000800000000)
  region size 1024K, 58 young (59392K), 3 survivors (3072K)
 Metaspace       used 20636K, capacity 21088K, committed 21248K, reserved 1069056K
  class space    used 2227K, capacity 2438K, committed 2560K, reserved 1048576K
}
Event: 1.837 GC heap after
{Heap after GC invocations=2 (full 0):
 garbage-first heap   total 260096K, used 10685K [0x0000000702600000, 0x0000000800000000)
  region size 1024K, 6 young (6144K), 6 survivors (6144K)
 Metaspace       used 20636K, capacity 21088K, committed 21248K, reserved 1069056K
  class space    used 2227K, capacity 2438K, committed 2560K, reserved 1048576K
}
Event: 2.133 GC heap before
{Heap before GC invocations=3 (full 0):
 garbage-first heap   total 260096K, used 30141K [0x0000000702600000, 0x0000000800000000)
  region size 1024K, 26 young (26624K), 6 survivors (6144K)
 Metaspace       used 23751K, capacity 24353K, committed 24576K, reserved 1071104K
  class space    used 2697K, capacity 2972K, committed 3072K, reserved 1048576K
}
Event: 2.141 GC heap after
{Heap after GC invocations=4 (full 0):
 garbage-first heap   total 260096K, used 11789K [0x0000000702600000, 0x0000000800000000)
  region size 1024K, 2 young (2048K), 2 survivors (2048K)
 Metaspace       used 23751K, capacity 24353K, committed 24576K, reserved 1071104K
  class space    used 2697K, capacity 2972K, committed 3072K, reserved 1048576K
}
Event: 2.998 GC heap before
{Heap before GC invocations=4 (full 0):
 garbage-first heap   total 260096K, used 86541K [0x0000000702600000, 0x0000000800000000)
  region size 1024K, 75 young (76800K), 2 survivors (2048K)
 Metaspace       used 32324K, capacity 33267K, committed 33536K, reserved 1079296K
  class space    used 3852K, capacity 4254K, committed 4352K, reserved 1048576K
}
Event: 3.005 GC heap after
{Heap after GC invocations=5 (full 0):
 garbage-first heap   total 260096K, used 16205K [0x0000000702600000, 0x0000000800000000)
  region size 1024K, 6 young (6144K), 6 survivors (6144K)
 Metaspace       used 32324K, capacity 33267K, committed 33536K, reserved 1079296K
  class space    used 3852K, capacity 4254K, committed 4352K, reserved 1048576K
}
Event: 3.824 GC heap before
{Heap before GC invocations=5 (full 0):
 garbage-first heap   total 260096K, used 122701K [0x0000000702600000, 0x0000000800000000)
  region size 1024K, 112 young (114688K), 6 survivors (6144K)
 Metaspace       used 34787K, capacity 35785K, committed 35840K, reserved 1081344K
  class space    used 4149K, capacity 4575K, committed 4608K, reserved 1048576K
}
Event: 3.844 GC heap after
{Heap after GC invocations=6 (full 0):
 garbage-first heap   total 260096K, used 19573K [0x0000000702600000, 0x0000000800000000)
  region size 1024K, 9 young (9216K), 9 survivors (9216K)
 Metaspace       used 34787K, capacity 35785K, committed 35840K, reserved 1081344K
  class space    used 4149K, capacity 4575K, committed 4608K, reserved 1048576K
}

