-------------------------------------------------------------------------------
Test set: io.swagger.service.UserServiceImplTest
-------------------------------------------------------------------------------
Tests run: 7, Failures: 2, Errors: 1, Skipped: 0, Time elapsed: 0.964 s <<< FAILURE! - in io.swagger.service.UserServiceImplTest
gettingUserByIdThrowsExceptionIfIdIsNotInTheRangeOf1000  Time elapsed: 0.139 s  <<< FAILURE!
org.opentest4j.AssertionFailedError: Unexpected exception type thrown ==> expected: <io.swagger.exceptions.ApiRequestException> but was: <java.lang.NullPointerException>
	at io.swagger.service.UserServiceImplTest.gettingUserByIdThrowsExceptionIfIdIsNotInTheRangeOf1000(UserServiceImplTest.java:106)
Caused by: java.lang.NullPointerException: Cannot invoke "org.springframework.security.core.Authentication.getPrincipal()" because the return value of "org.springframework.security.core.context.SecurityContext.getAuthentication()" is null
	at io.swagger.service.UserServiceImplTest.lambda$gettingUserByIdThrowsExceptionIfIdIsNotInTheRangeOf1000$1(UserServiceImplTest.java:107)
	at io.swagger.service.UserServiceImplTest.gettingUserByIdThrowsExceptionIfIdIsNotInTheRangeOf1000(UserServiceImplTest.java:106)

gettingUserByIdThrowsExceptionIfUserDoesnotExist  Time elapsed: 0.114 s  <<< FAILURE!
org.opentest4j.AssertionFailedError: Unexpected exception type thrown ==> expected: <io.swagger.exceptions.ApiRequestException> but was: <java.lang.NullPointerException>
	at io.swagger.service.UserServiceImplTest.gettingUserByIdThrowsExceptionIfUserDoesnotExist(UserServiceImplTest.java:97)
Caused by: java.lang.NullPointerException: Cannot invoke "org.springframework.security.core.Authentication.getPrincipal()" because the return value of "org.springframework.security.core.context.SecurityContext.getAuthentication()" is null
	at io.swagger.service.UserServiceImplTest.lambda$gettingUserByIdThrowsExceptionIfUserDoesnotExist$0(UserServiceImplTest.java:98)
	at io.swagger.service.UserServiceImplTest.gettingUserByIdThrowsExceptionIfUserDoesnotExist(UserServiceImplTest.java:97)

getUserById  Time elapsed: 0.141 s  <<< ERROR!
java.lang.NullPointerException: Cannot invoke "org.springframework.security.core.Authentication.getPrincipal()" because the return value of "org.springframework.security.core.context.SecurityContext.getAuthentication()" is null
	at io.swagger.service.UserServiceImplTest.getUserById(UserServiceImplTest.java:90)

