-------------------------------------------------------------------------------
Test set: io.swagger.model.AccountTest
-------------------------------------------------------------------------------
Tests run: 8, Failures: 0, Errors: 1, Skipped: 0, Time elapsed: 8.617 s <<< FAILURE! - in io.swagger.model.AccountTest
accountHasCorrectType  Time elapsed: 0 s  <<< ERROR!
java.lang.IllegalStateException: Failed to load ApplicationContext
Caused by: java.lang.IllegalStateException: Failed to execute ApplicationRunner
Caused by: io.swagger.exceptions.ApiRequestException: This email is already in use.

