<?xml version="1.0" encoding="UTF-8"?>
<testsuite xmlns:xsi="http://www.w3.org/2001/XMLSchema-instance" xsi:noNamespaceSchemaLocation="https://maven.apache.org/surefire/maven-surefire-plugin/xsd/surefire-test-report.xsd" name="io.swagger.service.TransactionServiceImplTest" time="0.098" tests="10" errors="0" skipped="0" failures="3">
  <properties>
[...]
</properties>
  <testcase name="createTransactionUserTransactionLimitShouldNotBeMoreThanAmount" classname="io.swagger.service.TransactionServiceImplTest" time="0.004">
    <failure message="Unexpected exception type thrown ==&gt; expected: &lt;io.swagger.exceptions.ApiRequestException&gt; but was: &lt;java.lang.NullPointerException&gt;" type="org.opentest4j.AssertionFailedError"><![CDATA[org.opentest4j.AssertionFailedError: Unexpected exception type thrown ==> expected: <io.swagger.exceptions.ApiRequestException> but was: <java.lang.NullPointerException>
	at io.swagger.service.TransactionServiceImplTest.createTransactionUserTransactionLimitShouldNotBeMoreThanAmount(TransactionServiceImplTest.java:186)
Caused by: java.lang.NullPointerException: Cannot invoke "org.springframework.security.core.Authentication.getPrincipal()" because the return value of "org.springframework.security.core.context.SecurityContext.getAuthentication()" is null
	at io.swagger.service.TransactionServiceImplTest.lambda$createTransactionUserTransactionLimitShouldNotBeMoreThanAmount$7(TransactionServiceImplTest.java:187)
	at io.swagger.service.TransactionServiceImplTest.createTransactionUserTransactionLimitShouldNotBeMoreThanAmount(TransactionServiceImplTest.java:186)
]]></failure>
    <system-out><![CDATA[2021-06-27 20:04:23.594  INFO 11292 --- [           main] .b.t.c.SpringBootTestContextBootstrapper : Neither @ContextConfiguration nor @ContextHierarchy found for test class [io.swagger.service.TransactionServiceImplTest], using SpringBootContextLoader
2021-06-27 20:04:23.595  INFO 11292 --- [           main] o.s.t.c.support.AbstractContextLoader    : Could not detect default resource locations for test class [io.swagger.service.TransactionServiceImplTest]: no resource found for suffixes {-context.xml, Context.groovy}.
2021-06-27 20:04:23.595  INFO 11292 --- [           main] t.c.s.AnnotationConfigContextLoaderUtils : Could not detect default configuration classes for test class [io.swagger.service.TransactionServiceImplTest]: TransactionServiceImplTest does not declare any static, non-private, non-final, nested classes annotated with @Configuration.
2021-06-27 20:04:23.597  INFO 11292 --- [           main] .b.t.c.SpringBootTestContextBootstrapper : Found @SpringBootConfiguration io.swagger.Swagger2SpringBoot for test class io.swagger.service.TransactionServiceImplTest
2021-06-27 20:04:23.599  INFO 11292 --- [           main] .b.t.c.SpringBootTestContextBootstrapper : Loaded default TestExecutionListener class names from location [META-INF/spring.factories]: [org.springframework.boot.test.mock.mockito.MockitoTestExecutionListener, org.springframework.boot.test.mock.mockito.ResetMocksTestExecutionListener, org.springframework.boot.test.autoconfigure.restdocs.RestDocsTestExecutionListener, org.springframework.boot.test.autoconfigure.web.client.MockRestServiceServerResetTestExecutionListener, org.springframework.boot.test.autoconfigure.web.servlet.MockMvcPrintOnlyOnFailureTestExecutionListener, org.springframework.boot.test.autoconfigure.web.servlet.WebDriverTestExecutionListener, org.springframework.test.context.web.ServletTestExecutionListener, org.springframework.test.context.support.DirtiesContextBeforeModesTestExecutionListener, org.springframework.test.context.support.DependencyInjectionTestExecutionListener, org.springframework.test.context.support.DirtiesContextTestExecutionListener, org.springframework.test.context.transaction.TransactionalTestExecutionListener, org.springframework.test.context.jdbc.SqlScriptsTestExecutionListener, org.springframework.security.test.context.support.WithSecurityContextTestExecutionListener, org.springframework.security.test.context.support.ReactorContextTestExecutionListener]
2021-06-27 20:04:23.600  INFO 11292 --- [           main] .b.t.c.SpringBootTestContextBootstrapper : Using TestExecutionListeners: [org.springframework.test.context.web.ServletTestExecutionListener@5f8237b0, org.springframework.test.context.support.DirtiesContextBeforeModesTestExecutionListener@2c3c2df3, org.springframework.boot.test.mock.mockito.MockitoTestExecutionListener@4441d906, org.springframework.boot.test.autoconfigure.SpringBootDependencyInjectionTestExecutionListener@75ec3734, org.springframework.test.context.support.DirtiesContextTestExecutionListener@3b9da18e, org.springframework.test.context.transaction.TransactionalTestExecutionListener@760350bb, org.springframework.test.context.jdbc.SqlScriptsTestExecutionListener@3cc03e94, org.springframework.security.test.context.support.WithSecurityContextTestExecutionListener@2801fbaf, org.springframework.security.test.context.support.ReactorContextTestExecutionListener@7ec6aef0, org.springframework.boot.test.mock.mockito.ResetMocksTestExecutionListener@122cbf1b, org.springframework.boot.test.autoconfigure.restdocs.RestDocsTestExecutionListener@2f250754, org.springframework.boot.test.autoconfigure.web.client.MockRestServiceServerResetTestExecutionListener@85e4d9c, org.springframework.boot.test.autoconfigure.web.servlet.MockMvcPrintOnlyOnFailureTestExecutionListener@4324d349, org.springframework.boot.test.autoconfigure.web.servlet.WebDriverTestExecutionListener@34077851]
]]></system-out>
  </testcase>
  <testcase name="createTransactionAccountShouldNotBeClosed" classname="io.swagger.service.TransactionServiceImplTest" time="0.005">
    <failure message="Unexpected exception type thrown ==&gt; expected: &lt;io.swagger.exceptions.ApiRequestException&gt; but was: &lt;java.lang.NullPointerException&gt;" type="org.opentest4j.AssertionFailedError"><![CDATA[org.opentest4j.AssertionFailedError: Unexpected exception type thrown ==> expected: <io.swagger.exceptions.ApiRequestException> but was: <java.lang.NullPointerException>
	at io.swagger.service.TransactionServiceImplTest.createTransactionAccountShouldNotBeClosed(TransactionServiceImplTest.java:177)
Caused by: java.lang.NullPointerException: Cannot invoke "org.springframework.security.core.Authentication.getPrincipal()" because the return value of "org.springframework.security.core.context.SecurityContext.getAuthentication()" is null
	at io.swagger.service.TransactionServiceImplTest.lambda$createTransactionAccountShouldNotBeClosed$6(TransactionServiceImplTest.java:178)
	at io.swagger.service.TransactionServiceImplTest.createTransactionAccountShouldNotBeClosed(TransactionServiceImplTest.java:177)
]]></failure>
  </testcase>
  <testcase name="createTransactionDailyLimitAmountShouldNotBeExceeded" classname="io.swagger.service.TransactionServiceImplTest" time="0.005">
    <failure message="Unexpected exception type thrown ==&gt; expected: &lt;io.swagger.exceptions.ApiRequestException&gt; but was: &lt;java.lang.NullPointerException&gt;" type="org.opentest4j.AssertionFailedError"><![CDATA[org.opentest4j.AssertionFailedError: Unexpected exception type thrown ==> expected: <io.swagger.exceptions.ApiRequestException> but was: <java.lang.NullPointerException>
	at io.swagger.service.TransactionServiceImplTest.createTransactionDailyLimitAmountShouldNotBeExceeded(TransactionServiceImplTest.java:195)
Caused by: java.lang.NullPointerException: Cannot invoke "org.springframework.security.core.Authentication.getPrincipal()" because the return value of "org.springframework.security.core.context.SecurityContext.getAuthentication()" is null
	at io.swagger.service.TransactionServiceImplTest.lambda$createTransactionDailyLimitAmountShouldNotBeExceeded$8(TransactionServiceImplTest.java:196)
	at io.swagger.service.TransactionServiceImplTest.createTransactionDailyLimitAmountShouldNotBeExceeded(TransactionServiceImplTest.java:195)
]]></failure>
  </testcase>
  <testcase name="createTransactionSenderUserShouldNotBeNull" classname="io.swagger.service.TransactionServiceImplTest" time="0.005"/>
  <testcase name="createTransactionReceiverUserShouldNotBeNull" classname="io.swagger.service.TransactionServiceImplTest" time="0.006"/>
  <testcase name="getTransactionById" classname="io.swagger.service.TransactionServiceImplTest" time="0.007"/>
  <testcase name="createTransactionAmountShouldBeValid" classname="io.swagger.service.TransactionServiceImplTest" time="0.005"/>
  <testcase name="deleteTransactionById" classname="io.swagger.service.TransactionServiceImplTest" time="0.005"/>
  <testcase name="createTransactionShouldNotLeaveAccountOnNegativeBalance" classname="io.swagger.service.TransactionServiceImplTest" time="0.005"/>
  <testcase name="getAllTransactions" classname="io.swagger.service.TransactionServiceImplTest" time="0.005"/>
</testsuite>